<?xml version="1.0" encoding="UTF-8"?>
<!-- Generated by org.testng.reporters.JUnitReportReporter -->
<testsuite hostname="DESKTOP-NG3RBDE" failures="0" tests="3" name="Runner_Files.Forgot_password_positive_scenarios_runner" time="19.276" errors="0" timestamp="2021-05-24T21:01:50 IST" skipped="0">
  <testcase classname="Runner_Files.Forgot_password_positive_scenarios_runner" name="runScenario" time="1.750"/>
  <system-out/>
  <testcase classname="Runner_Files.Forgot_password_positive_scenarios_runner" name="runScenario" time="17.211"/>
  <system-out/>
  <testcase classname="Runner_Files.Forgot_password_positive_scenarios_runner" name="runScenario" time="0.315"/>
  <system-out/>
</testsuite> <!-- Runner_Files.Forgot_password_positive_scenarios_runner -->
