<?xml version="1.0" encoding="UTF-8"?>
<!-- Generated by org.testng.reporters.JUnitReportReporter -->
<testsuite hostname="DESKTOP-NG3RBDE" failures="0" tests="5" name="Runner_Files.Forgot_password_negative_scenarios_runner" time="34.963" errors="0" timestamp="2021-05-31T16:47:35 IST" skipped="0">
  <testcase classname="Runner_Files.Forgot_password_negative_scenarios_runner" name="runScenario" time="0.322"/>
  <system-out/>
  <testcase classname="Runner_Files.Forgot_password_negative_scenarios_runner" name="runScenario" time="0.273"/>
  <system-out/>
  <testcase classname="Runner_Files.Forgot_password_negative_scenarios_runner" name="runScenario" time="0.349"/>
  <system-out/>
  <testcase classname="Runner_Files.Forgot_password_negative_scenarios_runner" name="runScenario" time="33.784"/>
  <system-out/>
  <testcase classname="Runner_Files.Forgot_password_negative_scenarios_runner" name="runScenario" time="0.235"/>
  <system-out/>
</testsuite> <!-- Runner_Files.Forgot_password_negative_scenarios_runner -->
