<?xml version="1.0" encoding="UTF-8"?>
<!-- Generated by org.testng.reporters.JUnitReportReporter -->
<testsuite hostname="DESKTOP-NG3RBDE" failures="0" tests="7" name="Runner_Files.Help_positive_scenarios_runner" time="45.900" errors="0" timestamp="2021-06-08T16:50:11 IST" skipped="0">
  <testcase classname="Runner_Files.Help_positive_scenarios_runner" name="runScenario" time="38.654"/>
  <system-out/>
  <testcase classname="Runner_Files.Help_positive_scenarios_runner" name="runScenario" time="0.952"/>
  <system-out/>
  <testcase classname="Runner_Files.Help_positive_scenarios_runner" name="runScenario" time="2.062"/>
  <system-out/>
  <testcase classname="Runner_Files.Help_positive_scenarios_runner" name="runScenario" time="1.814"/>
  <system-out/>
  <testcase classname="Runner_Files.Help_positive_scenarios_runner" name="runScenario" time="0.804"/>
  <system-out/>
  <testcase classname="Runner_Files.Help_positive_scenarios_runner" name="runScenario" time="0.897"/>
  <system-out/>
  <testcase classname="Runner_Files.Help_positive_scenarios_runner" name="runScenario" time="0.717"/>
  <system-out/>
</testsuite> <!-- Runner_Files.Help_positive_scenarios_runner -->
