<?xml version="1.0" encoding="UTF-8"?>
<!-- Generated by org.testng.reporters.JUnitReportReporter -->
<testsuite hostname="DESKTOP-NG3RBDE" failures="0" tests="6" name="Runner_Files.Award_points_negative_scenarios_runner" time="104.189" errors="0" timestamp="2021-06-09T17:37:30 IST" skipped="0">
  <testcase classname="Runner_Files.Award_points_negative_scenarios_runner" name="runScenario" time="10.154"/>
  <system-out/>
  <testcase classname="Runner_Files.Award_points_negative_scenarios_runner" name="runScenario" time="12.819"/>
  <system-out/>
  <testcase classname="Runner_Files.Award_points_negative_scenarios_runner" name="runScenario" time="15.642"/>
  <system-out/>
  <testcase classname="Runner_Files.Award_points_negative_scenarios_runner" name="runScenario" time="21.661"/>
  <system-out/>
  <testcase classname="Runner_Files.Award_points_negative_scenarios_runner" name="runScenario" time="15.271"/>
  <system-out/>
  <testcase classname="Runner_Files.Award_points_negative_scenarios_runner" name="runScenario" time="28.642"/>
  <system-out/>
</testsuite> <!-- Runner_Files.Award_points_negative_scenarios_runner -->
