<?xml version="1.0" encoding="UTF-8"?>
<!-- Generated by org.testng.reporters.JUnitReportReporter -->
<testsuite hostname="DESKTOP-NG3RBDE" failures="0" tests="11" name="Runner_Files.Headerpage_positive_scenarios_runner" time="67.032" errors="0" timestamp="2021-06-08T16:49:13 IST" skipped="0">
  <testcase classname="Runner_Files.Headerpage_positive_scenarios_runner" name="runScenario" time="1.436"/>
  <system-out/>
  <testcase classname="Runner_Files.Headerpage_positive_scenarios_runner" name="runScenario" time="0.732"/>
  <system-out/>
  <testcase classname="Runner_Files.Headerpage_positive_scenarios_runner" name="runScenario" time="4.684"/>
  <system-out/>
  <testcase classname="Runner_Files.Headerpage_positive_scenarios_runner" name="runScenario" time="0.882"/>
  <system-out/>
  <testcase classname="Runner_Files.Headerpage_positive_scenarios_runner" name="runScenario" time="10.948"/>
  <system-out/>
  <testcase classname="Runner_Files.Headerpage_positive_scenarios_runner" name="runScenario" time="1.987"/>
  <system-out/>
  <testcase classname="Runner_Files.Headerpage_positive_scenarios_runner" name="runScenario" time="1.914"/>
  <system-out/>
  <testcase classname="Runner_Files.Headerpage_positive_scenarios_runner" name="runScenario" time="34.874"/>
  <system-out/>
  <testcase classname="Runner_Files.Headerpage_positive_scenarios_runner" name="runScenario" time="0.565"/>
  <system-out/>
  <testcase classname="Runner_Files.Headerpage_positive_scenarios_runner" name="runScenario" time="2.429"/>
  <system-out/>
  <testcase classname="Runner_Files.Headerpage_positive_scenarios_runner" name="runScenario" time="6.581"/>
  <system-out/>
</testsuite> <!-- Runner_Files.Headerpage_positive_scenarios_runner -->
