<?xml version="1.0" encoding="UTF-8"?>
<!-- Generated by org.testng.reporters.JUnitReportReporter -->
<testsuite hostname="DESKTOP-NG3RBDE" failures="0" tests="8" name="Runner_Files.Bills_positive_scenarios_runner" time="51.458" errors="0" timestamp="2021-06-08T16:45:00 IST" skipped="0">
  <testcase classname="Runner_Files.Bills_positive_scenarios_runner" name="runScenario" time="0.989"/>
  <system-out/>
  <testcase classname="Runner_Files.Bills_positive_scenarios_runner" name="runScenario" time="40.935"/>
  <system-out/>
  <testcase classname="Runner_Files.Bills_positive_scenarios_runner" name="runScenario" time="0.452"/>
  <system-out/>
  <testcase classname="Runner_Files.Bills_positive_scenarios_runner" name="runScenario" time="0.883"/>
  <system-out/>
  <testcase classname="Runner_Files.Bills_positive_scenarios_runner" name="runScenario" time="0.753"/>
  <system-out/>
  <testcase classname="Runner_Files.Bills_positive_scenarios_runner" name="runScenario" time="0.564"/>
  <system-out/>
  <testcase classname="Runner_Files.Bills_positive_scenarios_runner" name="runScenario" time="0.947"/>
  <system-out/>
  <testcase classname="Runner_Files.Bills_positive_scenarios_runner" name="runScenario" time="5.935"/>
  <system-out/>
</testsuite> <!-- Runner_Files.Bills_positive_scenarios_runner -->
