<?xml version="1.0" encoding="UTF-8"?>
<!-- Generated by org.testng.reporters.JUnitReportReporter -->
<testsuite hostname="DESKTOP-NG3RBDE" failures="0" tests="5" name="Runner_Files.Award_points_positive_scenarios_runner" time="38.224" errors="0" timestamp="2021-06-08T18:50:23 IST" skipped="0">
  <testcase classname="Runner_Files.Award_points_positive_scenarios_runner" name="runScenario" time="2.576"/>
  <system-out/>
  <testcase classname="Runner_Files.Award_points_positive_scenarios_runner" name="runScenario" time="12.576"/>
  <system-out/>
  <testcase classname="Runner_Files.Award_points_positive_scenarios_runner" name="runScenario" time="4.160"/>
  <system-out/>
  <testcase classname="Runner_Files.Award_points_positive_scenarios_runner" name="runScenario" time="3.220"/>
  <system-out/>
  <testcase classname="Runner_Files.Award_points_positive_scenarios_runner" name="runScenario" time="15.692"/>
  <system-out/>
</testsuite> <!-- Runner_Files.Award_points_positive_scenarios_runner -->
