<?xml version="1.0" encoding="UTF-8"?>
<!-- Generated by org.testng.reporters.JUnitReportReporter -->
<testsuite hostname="DESKTOP-NG3RBDE" failures="0" tests="7" name="Runner_Files.Circles_negative_scenarios_runner" time="53.924" errors="0" timestamp="2021-06-08T16:46:06 IST" skipped="0">
  <testcase classname="Runner_Files.Circles_negative_scenarios_runner" name="runScenario" time="44.729"/>
  <system-out/>
  <testcase classname="Runner_Files.Circles_negative_scenarios_runner" name="runScenario" time="1.785"/>
  <system-out/>
  <testcase classname="Runner_Files.Circles_negative_scenarios_runner" name="runScenario" time="1.158"/>
  <system-out/>
  <testcase classname="Runner_Files.Circles_negative_scenarios_runner" name="runScenario" time="1.410"/>
  <system-out/>
  <testcase classname="Runner_Files.Circles_negative_scenarios_runner" name="runScenario" time="1.114"/>
  <system-out/>
  <testcase classname="Runner_Files.Circles_negative_scenarios_runner" name="runScenario" time="2.147"/>
  <system-out/>
  <testcase classname="Runner_Files.Circles_negative_scenarios_runner" name="runScenario" time="1.581"/>
  <system-out/>
</testsuite> <!-- Runner_Files.Circles_negative_scenarios_runner -->
