<?xml version="1.0" encoding="UTF-8"?>
<!-- Generated by org.testng.reporters.JUnitReportReporter -->
<testsuite hostname="DESKTOP-L6MSIP1" failures="0" tests="10" name="Runner_Files.Refer_a_friend_positive_scenarios_runner" time="37.065" errors="0" timestamp="2021-06-10T12:23:41 IST" skipped="0">
  <testcase classname="Runner_Files.Refer_a_friend_positive_scenarios_runner" name="runScenario" time="0.356"/>
  <system-out/>
  <testcase classname="Runner_Files.Refer_a_friend_positive_scenarios_runner" name="runScenario" time="26.312"/>
  <system-out/>
  <testcase classname="Runner_Files.Refer_a_friend_positive_scenarios_runner" name="runScenario" time="4.452"/>
  <system-out/>
  <testcase classname="Runner_Files.Refer_a_friend_positive_scenarios_runner" name="runScenario" time="0.522"/>
  <system-out/>
  <testcase classname="Runner_Files.Refer_a_friend_positive_scenarios_runner" name="runScenario" time="0.960"/>
  <system-out/>
  <testcase classname="Runner_Files.Refer_a_friend_positive_scenarios_runner" name="runScenario" time="0.388"/>
  <system-out/>
  <testcase classname="Runner_Files.Refer_a_friend_positive_scenarios_runner" name="runScenario" time="0.115"/>
  <system-out/>
  <testcase classname="Runner_Files.Refer_a_friend_positive_scenarios_runner" name="runScenario" time="0.341"/>
  <system-out/>
  <testcase classname="Runner_Files.Refer_a_friend_positive_scenarios_runner" name="runScenario" time="0.327"/>
  <system-out/>
  <testcase classname="Runner_Files.Refer_a_friend_positive_scenarios_runner" name="runScenario" time="3.292"/>
  <system-out/>
</testsuite> <!-- Runner_Files.Refer_a_friend_positive_scenarios_runner -->
