<?xml version="1.0" encoding="UTF-8"?>
<!-- Generated by org.testng.reporters.JUnitReportReporter -->
<testsuite hostname="DESKTOP-L6MSIP1" failures="0" tests="10" name="Runner_Files.Signup_negative_scenarios_runner" time="53.606" errors="0" timestamp="2021-06-10T11:35:30 IST" skipped="0">
  <testcase classname="Runner_Files.Signup_negative_scenarios_runner" name="runScenario" time="2.654"/>
  <system-out/>
  <testcase classname="Runner_Files.Signup_negative_scenarios_runner" name="runScenario" time="2.538"/>
  <system-out/>
  <testcase classname="Runner_Files.Signup_negative_scenarios_runner" name="runScenario" time="2.609"/>
  <system-out/>
  <testcase classname="Runner_Files.Signup_negative_scenarios_runner" name="runScenario" time="1.965"/>
  <system-out/>
  <testcase classname="Runner_Files.Signup_negative_scenarios_runner" name="runScenario" time="5.369"/>
  <system-out/>
  <testcase classname="Runner_Files.Signup_negative_scenarios_runner" name="runScenario" time="2.428"/>
  <system-out/>
  <testcase classname="Runner_Files.Signup_negative_scenarios_runner" name="runScenario" time="0.808"/>
  <system-out/>
  <testcase classname="Runner_Files.Signup_negative_scenarios_runner" name="runScenario" time="1.849"/>
  <system-out/>
  <testcase classname="Runner_Files.Signup_negative_scenarios_runner" name="runScenario" time="3.351"/>
  <system-out/>
  <testcase classname="Runner_Files.Signup_negative_scenarios_runner" name="runScenario" time="30.035"/>
  <system-out/>
</testsuite> <!-- Runner_Files.Signup_negative_scenarios_runner -->
