<?xml version="1.0" encoding="UTF-8"?>
<!-- Generated by org.testng.reporters.JUnitReportReporter -->
<testsuite hostname="DESKTOP-L6MSIP1" failures="0" tests="16" name="Runner_Files.Request_second_opinion_negative_scenarios_runner" time="75.988" errors="0" timestamp="2021-06-10T12:15:44 IST" skipped="0">
  <testcase classname="Runner_Files.Request_second_opinion_negative_scenarios_runner" name="runScenario" time="0.406"/>
  <system-out/>
  <testcase classname="Runner_Files.Request_second_opinion_negative_scenarios_runner" name="runScenario" time="1.104"/>
  <system-out/>
  <testcase classname="Runner_Files.Request_second_opinion_negative_scenarios_runner" name="runScenario" time="4.081"/>
  <system-out/>
  <testcase classname="Runner_Files.Request_second_opinion_negative_scenarios_runner" name="runScenario" time="4.643"/>
  <system-out/>
  <testcase classname="Runner_Files.Request_second_opinion_negative_scenarios_runner" name="runScenario" time="1.688"/>
  <system-out/>
  <testcase classname="Runner_Files.Request_second_opinion_negative_scenarios_runner" name="runScenario" time="4.124"/>
  <system-out/>
  <testcase classname="Runner_Files.Request_second_opinion_negative_scenarios_runner" name="runScenario" time="3.929"/>
  <system-out/>
  <testcase classname="Runner_Files.Request_second_opinion_negative_scenarios_runner" name="runScenario" time="4.408"/>
  <system-out/>
  <testcase classname="Runner_Files.Request_second_opinion_negative_scenarios_runner" name="runScenario" time="4.774"/>
  <system-out/>
  <testcase classname="Runner_Files.Request_second_opinion_negative_scenarios_runner" name="runScenario" time="23.094"/>
  <system-out/>
  <testcase classname="Runner_Files.Request_second_opinion_negative_scenarios_runner" name="runScenario" time="1.060"/>
  <system-out/>
  <testcase classname="Runner_Files.Request_second_opinion_negative_scenarios_runner" name="runScenario" time="0.623"/>
  <system-out/>
  <testcase classname="Runner_Files.Request_second_opinion_negative_scenarios_runner" name="runScenario" time="0.316"/>
  <system-out/>
  <testcase classname="Runner_Files.Request_second_opinion_negative_scenarios_runner" name="runScenario" time="6.939"/>
  <system-out/>
  <testcase classname="Runner_Files.Request_second_opinion_negative_scenarios_runner" name="runScenario" time="10.337"/>
  <system-out/>
  <testcase classname="Runner_Files.Request_second_opinion_negative_scenarios_runner" name="runScenario" time="4.462"/>
  <system-out/>
</testsuite> <!-- Runner_Files.Request_second_opinion_negative_scenarios_runner -->
