<?xml version="1.0" encoding="UTF-8"?>
<!-- Generated by org.testng.reporters.JUnitReportReporter -->
<testsuite hostname="DESKTOP-L6MSIP1" failures="0" tests="7" name="Runner_Files.Help_positive_scenarios_runner" time="33.233" errors="0" timestamp="2021-06-10T11:43:12 IST" skipped="0">
  <testcase classname="Runner_Files.Help_positive_scenarios_runner" name="runScenario" time="2.040"/>
  <system-out/>
  <testcase classname="Runner_Files.Help_positive_scenarios_runner" name="runScenario" time="1.068"/>
  <system-out/>
  <testcase classname="Runner_Files.Help_positive_scenarios_runner" name="runScenario" time="0.802"/>
  <system-out/>
  <testcase classname="Runner_Files.Help_positive_scenarios_runner" name="runScenario" time="1.040"/>
  <system-out/>
  <testcase classname="Runner_Files.Help_positive_scenarios_runner" name="runScenario" time="25.351"/>
  <system-out/>
  <testcase classname="Runner_Files.Help_positive_scenarios_runner" name="runScenario" time="1.044"/>
  <system-out/>
  <testcase classname="Runner_Files.Help_positive_scenarios_runner" name="runScenario" time="1.888"/>
  <system-out/>
</testsuite> <!-- Runner_Files.Help_positive_scenarios_runner -->
