<?xml version="1.0" encoding="UTF-8"?>
<!-- Generated by org.testng.reporters.JUnitReportReporter -->
<testsuite hostname="DESKTOP-L6MSIP1" failures="0" tests="5" name="Runner_Files.Homepage_positive_scenarios_runner" time="48.419" errors="0" timestamp="2021-06-10T12:13:52 IST" skipped="0">
  <testcase classname="Runner_Files.Homepage_positive_scenarios_runner" name="runScenario" time="11.340"/>
  <system-out/>
  <testcase classname="Runner_Files.Homepage_positive_scenarios_runner" name="runScenario" time="4.227"/>
  <system-out/>
  <testcase classname="Runner_Files.Homepage_positive_scenarios_runner" name="runScenario" time="22.458"/>
  <system-out/>
  <testcase classname="Runner_Files.Homepage_positive_scenarios_runner" name="runScenario" time="3.895"/>
  <system-out/>
  <testcase classname="Runner_Files.Homepage_positive_scenarios_runner" name="runScenario" time="6.499"/>
  <system-out/>
</testsuite> <!-- Runner_Files.Homepage_positive_scenarios_runner -->
