<?xml version="1.0" encoding="UTF-8"?>
<!-- Generated by org.testng.reporters.JUnitReportReporter -->
<testsuite hostname="DESKTOP-L6MSIP1" failures="0" tests="24" name="Runner_Files.Your_profile_negative_scenarios_runner" time="144.779" errors="0" timestamp="2021-06-10T11:58:12 IST" skipped="0">
  <testcase classname="Runner_Files.Your_profile_negative_scenarios_runner" name="runScenario" time="1.301"/>
  <system-out/>
  <testcase classname="Runner_Files.Your_profile_negative_scenarios_runner" name="runScenario" time="1.331"/>
  <system-out/>
  <testcase classname="Runner_Files.Your_profile_negative_scenarios_runner" name="runScenario" time="0.748"/>
  <system-out/>
  <testcase classname="Runner_Files.Your_profile_negative_scenarios_runner" name="runScenario" time="1.828"/>
  <system-out/>
  <testcase classname="Runner_Files.Your_profile_negative_scenarios_runner" name="runScenario" time="4.625"/>
  <system-out/>
  <testcase classname="Runner_Files.Your_profile_negative_scenarios_runner" name="runScenario" time="6.434"/>
  <system-out/>
  <testcase classname="Runner_Files.Your_profile_negative_scenarios_runner" name="runScenario" time="3.729"/>
  <system-out/>
  <testcase classname="Runner_Files.Your_profile_negative_scenarios_runner" name="runScenario" time="1.890"/>
  <system-out/>
  <testcase classname="Runner_Files.Your_profile_negative_scenarios_runner" name="runScenario" time="0.181"/>
  <system-out/>
  <testcase classname="Runner_Files.Your_profile_negative_scenarios_runner" name="runScenario" time="1.258"/>
  <system-out/>
  <testcase classname="Runner_Files.Your_profile_negative_scenarios_runner" name="runScenario" time="5.942"/>
  <system-out/>
  <testcase classname="Runner_Files.Your_profile_negative_scenarios_runner" name="runScenario" time="3.325"/>
  <system-out/>
  <testcase classname="Runner_Files.Your_profile_negative_scenarios_runner" name="runScenario" time="1.158"/>
  <system-out/>
  <testcase classname="Runner_Files.Your_profile_negative_scenarios_runner" name="runScenario" time="1.587"/>
  <system-out/>
  <testcase classname="Runner_Files.Your_profile_negative_scenarios_runner" name="runScenario" time="1.723"/>
  <system-out/>
  <testcase classname="Runner_Files.Your_profile_negative_scenarios_runner" name="runScenario" time="27.468"/>
  <system-out/>
  <testcase classname="Runner_Files.Your_profile_negative_scenarios_runner" name="runScenario" time="1.172"/>
  <system-out/>
  <testcase classname="Runner_Files.Your_profile_negative_scenarios_runner" name="runScenario" time="2.269"/>
  <system-out/>
  <testcase classname="Runner_Files.Your_profile_negative_scenarios_runner" name="runScenario" time="2.217"/>
  <system-out/>
  <testcase classname="Runner_Files.Your_profile_negative_scenarios_runner" name="runScenario" time="67.509"/>
  <system-out/>
  <testcase classname="Runner_Files.Your_profile_negative_scenarios_runner" name="runScenario" time="1.865"/>
  <system-out/>
  <testcase classname="Runner_Files.Your_profile_negative_scenarios_runner" name="runScenario" time="1.798"/>
  <system-out/>
  <testcase classname="Runner_Files.Your_profile_negative_scenarios_runner" name="runScenario" time="2.564"/>
  <system-out/>
  <testcase classname="Runner_Files.Your_profile_negative_scenarios_runner" name="runScenario" time="0.857"/>
  <system-out/>
</testsuite> <!-- Runner_Files.Your_profile_negative_scenarios_runner -->
