<?xml version="1.0" encoding="UTF-8"?>
<!-- Generated by org.testng.reporters.JUnitReportReporter -->
<testsuite hostname="DESKTOP-L6MSIP1" failures="0" tests="9" name="Runner_Files.Circles_positive_scenarios_runner" time="88.077" errors="0" timestamp="2021-06-10T12:31:36 IST" skipped="0">
  <testcase classname="Runner_Files.Circles_positive_scenarios_runner" name="runScenario" time="0.814"/>
  <system-out/>
  <testcase classname="Runner_Files.Circles_positive_scenarios_runner" name="runScenario" time="55.890"/>
  <system-out/>
  <testcase classname="Runner_Files.Circles_positive_scenarios_runner" name="runScenario" time="2.418"/>
  <system-out/>
  <testcase classname="Runner_Files.Circles_positive_scenarios_runner" name="runScenario" time="0.644"/>
  <system-out/>
  <testcase classname="Runner_Files.Circles_positive_scenarios_runner" name="runScenario" time="1.369"/>
  <system-out/>
  <testcase classname="Runner_Files.Circles_positive_scenarios_runner" name="runScenario" time="0.632"/>
  <system-out/>
  <testcase classname="Runner_Files.Circles_positive_scenarios_runner" name="runScenario" time="24.413"/>
  <system-out/>
  <testcase classname="Runner_Files.Circles_positive_scenarios_runner" name="runScenario" time="0.773"/>
  <system-out/>
  <testcase classname="Runner_Files.Circles_positive_scenarios_runner" name="runScenario" time="1.124"/>
  <system-out/>
</testsuite> <!-- Runner_Files.Circles_positive_scenarios_runner -->
