<?xml version="1.0" encoding="UTF-8"?>
<!-- Generated by org.testng.reporters.JUnitReportReporter -->
<testsuite hostname="DESKTOP-L6MSIP1" failures="0" tests="6" name="Runner_Files.Login_positive_scenarios_runner" time="27.988" errors="0" timestamp="2021-06-10T11:39:51 IST" skipped="0">
  <testcase classname="Runner_Files.Login_positive_scenarios_runner" name="runScenario" time="0.018"/>
  <system-out/>
  <testcase classname="Runner_Files.Login_positive_scenarios_runner" name="runScenario" time="5.053"/>
  <system-out/>
  <testcase classname="Runner_Files.Login_positive_scenarios_runner" name="runScenario" time="0.539"/>
  <system-out/>
  <testcase classname="Runner_Files.Login_positive_scenarios_runner" name="runScenario" time="20.160"/>
  <system-out/>
  <testcase classname="Runner_Files.Login_positive_scenarios_runner" name="runScenario" time="0.018"/>
  <system-out/>
  <testcase classname="Runner_Files.Login_positive_scenarios_runner" name="runScenario" time="2.200"/>
  <system-out/>
</testsuite> <!-- Runner_Files.Login_positive_scenarios_runner -->
