<?xml version="1.0" encoding="UTF-8"?>
<!-- Generated by org.testng.reporters.JUnitReportReporter -->
<testsuite hostname="DESKTOP-L6MSIP1" failures="0" tests="5" name="Runner_Files.Award_points_positive_scenarios_runner" time="45.473" errors="0" timestamp="2021-06-10T12:39:01 IST" skipped="0">
  <testcase classname="Runner_Files.Award_points_positive_scenarios_runner" name="runScenario" time="3.185"/>
  <system-out/>
  <testcase classname="Runner_Files.Award_points_positive_scenarios_runner" name="runScenario" time="20.789"/>
  <system-out/>
  <testcase classname="Runner_Files.Award_points_positive_scenarios_runner" name="runScenario" time="4.190"/>
  <system-out/>
  <testcase classname="Runner_Files.Award_points_positive_scenarios_runner" name="runScenario" time="16.975"/>
  <system-out/>
  <testcase classname="Runner_Files.Award_points_positive_scenarios_runner" name="runScenario" time="0.334"/>
  <system-out/>
</testsuite> <!-- Runner_Files.Award_points_positive_scenarios_runner -->
