<?xml version="1.0" encoding="UTF-8"?>
<!-- Generated by org.testng.reporters.JUnitReportReporter -->
<testsuite hostname="DESKTOP-L6MSIP1" failures="0" tests="7" name="Runner_Files.Login_negative_scenarios_runner" time="40.715" errors="0" timestamp="2021-06-10T11:38:41 IST" skipped="0">
  <testcase classname="Runner_Files.Login_negative_scenarios_runner" name="runScenario" time="4.195"/>
  <system-out/>
  <testcase classname="Runner_Files.Login_negative_scenarios_runner" name="runScenario" time="20.218"/>
  <system-out/>
  <testcase classname="Runner_Files.Login_negative_scenarios_runner" name="runScenario" time="3.816"/>
  <system-out/>
  <testcase classname="Runner_Files.Login_negative_scenarios_runner" name="runScenario" time="1.544"/>
  <system-out/>
  <testcase classname="Runner_Files.Login_negative_scenarios_runner" name="runScenario" time="5.277"/>
  <system-out/>
  <testcase classname="Runner_Files.Login_negative_scenarios_runner" name="runScenario" time="1.691"/>
  <system-out/>
  <testcase classname="Runner_Files.Login_negative_scenarios_runner" name="runScenario" time="3.974"/>
  <system-out/>
</testsuite> <!-- Runner_Files.Login_negative_scenarios_runner -->
