<?xml version="1.0" encoding="UTF-8"?>
<!-- Generated by org.testng.reporters.JUnitReportReporter -->
<testsuite hostname="DESKTOP-L6MSIP1" failures="0" tests="6" name="Runner_Files.Utilities_negative_scenarios_runner" time="57.056" errors="0" timestamp="2021-06-10T14:06:22 IST" skipped="0">
  <testcase classname="Runner_Files.Utilities_negative_scenarios_runner" name="runScenario" time="2.518"/>
  <system-out/>
  <testcase classname="Runner_Files.Utilities_negative_scenarios_runner" name="runScenario" time="5.638"/>
  <system-out/>
  <testcase classname="Runner_Files.Utilities_negative_scenarios_runner" name="runScenario" time="37.709"/>
  <system-out/>
  <testcase classname="Runner_Files.Utilities_negative_scenarios_runner" name="runScenario" time="2.569"/>
  <system-out/>
  <testcase classname="Runner_Files.Utilities_negative_scenarios_runner" name="runScenario" time="6.446"/>
  <system-out/>
  <testcase classname="Runner_Files.Utilities_negative_scenarios_runner" name="runScenario" time="2.176"/>
  <system-out/>
</testsuite> <!-- Runner_Files.Utilities_negative_scenarios_runner -->
