<?xml version="1.0" encoding="UTF-8"?>
<!-- Generated by org.testng.reporters.JUnitReportReporter -->
<testsuite hostname="DESKTOP-L6MSIP1" failures="0" tests="9" name="Runner_Files.Second_opinion_dashboard_positive_scenarios_runner" time="64.598" errors="0" timestamp="2021-06-10T12:26:33 IST" skipped="0">
  <testcase classname="Runner_Files.Second_opinion_dashboard_positive_scenarios_runner" name="runScenario" time="3.580"/>
  <system-out/>
  <testcase classname="Runner_Files.Second_opinion_dashboard_positive_scenarios_runner" name="runScenario" time="11.736"/>
  <system-out/>
  <testcase classname="Runner_Files.Second_opinion_dashboard_positive_scenarios_runner" name="runScenario" time="4.636"/>
  <system-out/>
  <testcase classname="Runner_Files.Second_opinion_dashboard_positive_scenarios_runner" name="runScenario" time="1.208"/>
  <system-out/>
  <testcase classname="Runner_Files.Second_opinion_dashboard_positive_scenarios_runner" name="runScenario" time="25.225"/>
  <system-out/>
  <testcase classname="Runner_Files.Second_opinion_dashboard_positive_scenarios_runner" name="runScenario" time="3.507"/>
  <system-out/>
  <testcase classname="Runner_Files.Second_opinion_dashboard_positive_scenarios_runner" name="runScenario" time="3.529"/>
  <system-out/>
  <testcase classname="Runner_Files.Second_opinion_dashboard_positive_scenarios_runner" name="runScenario" time="9.513"/>
  <system-out/>
  <testcase classname="Runner_Files.Second_opinion_dashboard_positive_scenarios_runner" name="runScenario" time="1.664"/>
  <system-out/>
</testsuite> <!-- Runner_Files.Second_opinion_dashboard_positive_scenarios_runner -->
