<?xml version="1.0" encoding="UTF-8"?>
<!-- Generated by org.testng.reporters.JUnitReportReporter -->
<testsuite hostname="DESKTOP-L6MSIP1" failures="0" tests="11" name="Runner_Files.Headerpage_positive_scenarios_runner" time="60.068" errors="0" timestamp="2021-06-10T11:41:45 IST" skipped="0">
  <testcase classname="Runner_Files.Headerpage_positive_scenarios_runner" name="runScenario" time="7.078"/>
  <system-out/>
  <testcase classname="Runner_Files.Headerpage_positive_scenarios_runner" name="runScenario" time="1.889"/>
  <system-out/>
  <testcase classname="Runner_Files.Headerpage_positive_scenarios_runner" name="runScenario" time="2.523"/>
  <system-out/>
  <testcase classname="Runner_Files.Headerpage_positive_scenarios_runner" name="runScenario" time="9.150"/>
  <system-out/>
  <testcase classname="Runner_Files.Headerpage_positive_scenarios_runner" name="runScenario" time="2.338"/>
  <system-out/>
  <testcase classname="Runner_Files.Headerpage_positive_scenarios_runner" name="runScenario" time="0.941"/>
  <system-out/>
  <testcase classname="Runner_Files.Headerpage_positive_scenarios_runner" name="runScenario" time="6.141"/>
  <system-out/>
  <testcase classname="Runner_Files.Headerpage_positive_scenarios_runner" name="runScenario" time="0.666"/>
  <system-out/>
  <testcase classname="Runner_Files.Headerpage_positive_scenarios_runner" name="runScenario" time="0.729"/>
  <system-out/>
  <testcase classname="Runner_Files.Headerpage_positive_scenarios_runner" name="runScenario" time="2.143"/>
  <system-out/>
  <testcase classname="Runner_Files.Headerpage_positive_scenarios_runner" name="runScenario" time="26.470"/>
  <system-out/>
</testsuite> <!-- Runner_Files.Headerpage_positive_scenarios_runner -->
