<?xml version="1.0" encoding="UTF-8"?>
<!-- Generated by org.testng.reporters.JUnitReportReporter -->
<testsuite hostname="DESKTOP-L6MSIP1" failures="0" tests="13" name="Runner_Files.Your_profile_positive_scenarios_runner" time="95.180" errors="0" timestamp="2021-06-10T12:12:20 IST" skipped="0">
  <testcase classname="Runner_Files.Your_profile_positive_scenarios_runner" name="runScenario" time="2.196"/>
  <system-out/>
  <testcase classname="Runner_Files.Your_profile_positive_scenarios_runner" name="runScenario" time="3.430"/>
  <system-out/>
  <testcase classname="Runner_Files.Your_profile_positive_scenarios_runner" name="runScenario" time="0.765"/>
  <system-out/>
  <testcase classname="Runner_Files.Your_profile_positive_scenarios_runner" name="runScenario" time="3.336"/>
  <system-out/>
  <testcase classname="Runner_Files.Your_profile_positive_scenarios_runner" name="runScenario" time="25.385"/>
  <system-out/>
  <testcase classname="Runner_Files.Your_profile_positive_scenarios_runner" name="runScenario" time="4.189"/>
  <system-out/>
  <testcase classname="Runner_Files.Your_profile_positive_scenarios_runner" name="runScenario" time="0.251"/>
  <system-out/>
  <testcase classname="Runner_Files.Your_profile_positive_scenarios_runner" name="runScenario" time="4.791"/>
  <system-out/>
  <testcase classname="Runner_Files.Your_profile_positive_scenarios_runner" name="runScenario" time="0.262"/>
  <system-out/>
  <testcase classname="Runner_Files.Your_profile_positive_scenarios_runner" name="runScenario" time="6.374"/>
  <system-out/>
  <testcase classname="Runner_Files.Your_profile_positive_scenarios_runner" name="runScenario" time="35.208"/>
  <system-out/>
  <testcase classname="Runner_Files.Your_profile_positive_scenarios_runner" name="runScenario" time="3.417"/>
  <system-out/>
  <testcase classname="Runner_Files.Your_profile_positive_scenarios_runner" name="runScenario" time="5.576"/>
  <system-out/>
</testsuite> <!-- Runner_Files.Your_profile_positive_scenarios_runner -->
