<?xml version="1.0" encoding="UTF-8"?>
<!-- Generated by org.testng.reporters.JUnitReportReporter -->
<testsuite hostname="DESKTOP-L6MSIP1" failures="0" tests="9" name="Runner_Files.Request_second_opinion_positive_scenarios_runner" time="85.176" errors="0" timestamp="2021-06-10T12:22:01 IST" skipped="0">
  <testcase classname="Runner_Files.Request_second_opinion_positive_scenarios_runner" name="runScenario" time="3.474"/>
  <system-out/>
  <testcase classname="Runner_Files.Request_second_opinion_positive_scenarios_runner" name="runScenario" time="1.597"/>
  <system-out/>
  <testcase classname="Runner_Files.Request_second_opinion_positive_scenarios_runner" name="runScenario" time="31.285"/>
  <system-out/>
  <testcase classname="Runner_Files.Request_second_opinion_positive_scenarios_runner" name="runScenario" time="1.207"/>
  <system-out/>
  <testcase classname="Runner_Files.Request_second_opinion_positive_scenarios_runner" name="runScenario" time="22.681"/>
  <system-out/>
  <testcase classname="Runner_Files.Request_second_opinion_positive_scenarios_runner" name="runScenario" time="1.169"/>
  <system-out/>
  <testcase classname="Runner_Files.Request_second_opinion_positive_scenarios_runner" name="runScenario" time="13.462"/>
  <system-out/>
  <testcase classname="Runner_Files.Request_second_opinion_positive_scenarios_runner" name="runScenario" time="0.979"/>
  <system-out/>
  <testcase classname="Runner_Files.Request_second_opinion_positive_scenarios_runner" name="runScenario" time="9.322"/>
  <system-out/>
</testsuite> <!-- Runner_Files.Request_second_opinion_positive_scenarios_runner -->
