<?xml version="1.0" encoding="UTF-8"?>
<!-- Generated by org.testng.reporters.JUnitReportReporter -->
<testsuite hostname="DESKTOP-L6MSIP1" failures="0" tests="5" name="Runner_Files.Forgot_password_negative_scenarios_runner" time="24.377" errors="0" timestamp="2021-06-10T12:40:10 IST" skipped="0">
  <testcase classname="Runner_Files.Forgot_password_negative_scenarios_runner" name="runScenario" time="22.259"/>
  <system-out/>
  <testcase classname="Runner_Files.Forgot_password_negative_scenarios_runner" name="runScenario" time="0.565"/>
  <system-out/>
  <testcase classname="Runner_Files.Forgot_password_negative_scenarios_runner" name="runScenario" time="0.486"/>
  <system-out/>
  <testcase classname="Runner_Files.Forgot_password_negative_scenarios_runner" name="runScenario" time="0.512"/>
  <system-out/>
  <testcase classname="Runner_Files.Forgot_password_negative_scenarios_runner" name="runScenario" time="0.555"/>
  <system-out/>
</testsuite> <!-- Runner_Files.Forgot_password_negative_scenarios_runner -->
