<?xml version="1.0" encoding="UTF-8"?>
<!-- Generated by org.testng.reporters.JUnitReportReporter -->
<testsuite hostname="DESKTOP-L6MSIP1" failures="0" tests="6" name="Runner_Files.Award_points_negative_scenarios_runner" time="60.041" errors="0" timestamp="2021-06-10T12:37:29 IST" skipped="0">
  <testcase classname="Runner_Files.Award_points_negative_scenarios_runner" name="runScenario" time="15.334"/>
  <system-out/>
  <testcase classname="Runner_Files.Award_points_negative_scenarios_runner" name="runScenario" time="9.509"/>
  <system-out/>
  <testcase classname="Runner_Files.Award_points_negative_scenarios_runner" name="runScenario" time="6.856"/>
  <system-out/>
  <testcase classname="Runner_Files.Award_points_negative_scenarios_runner" name="runScenario" time="4.248"/>
  <system-out/>
  <testcase classname="Runner_Files.Award_points_negative_scenarios_runner" name="runScenario" time="20.238"/>
  <system-out/>
  <testcase classname="Runner_Files.Award_points_negative_scenarios_runner" name="runScenario" time="3.856"/>
  <system-out/>
</testsuite> <!-- Runner_Files.Award_points_negative_scenarios_runner -->
