<?xml version="1.0" encoding="UTF-8"?>
<!-- Generated by org.testng.reporters.JUnitReportReporter -->
<testsuite hostname="DESKTOP-L6MSIP1" failures="0" tests="3" name="Runner_Files.Forgot_password_positive_scenarios_runner" time="27.452" errors="0" timestamp="2021-06-10T12:41:20 IST" skipped="0">
  <testcase classname="Runner_Files.Forgot_password_positive_scenarios_runner" name="runScenario" time="0.533"/>
  <system-out/>
  <testcase classname="Runner_Files.Forgot_password_positive_scenarios_runner" name="runScenario" time="1.986"/>
  <system-out/>
  <testcase classname="Runner_Files.Forgot_password_positive_scenarios_runner" name="runScenario" time="24.933"/>
  <system-out/>
</testsuite> <!-- Runner_Files.Forgot_password_positive_scenarios_runner -->
