<?xml version="1.0" encoding="UTF-8"?>
<!-- Generated by org.testng.reporters.JUnitReportReporter -->
<testsuite hostname="DESKTOP-L6MSIP1" failures="0" tests="3" name="Runner_Files.Services_positive_scenarios_runner" time="35.559" errors="0" timestamp="2021-06-10T12:24:53 IST" skipped="0">
  <testcase classname="Runner_Files.Services_positive_scenarios_runner" name="runScenario" time="23.059"/>
  <system-out/>
  <testcase classname="Runner_Files.Services_positive_scenarios_runner" name="runScenario" time="0.636"/>
  <system-out/>
  <testcase classname="Runner_Files.Services_positive_scenarios_runner" name="runScenario" time="11.864"/>
  <system-out/>
</testsuite> <!-- Runner_Files.Services_positive_scenarios_runner -->
