<?xml version="1.0" encoding="UTF-8"?>
<!-- Generated by org.testng.reporters.JUnitReportReporter -->
<testsuite hostname="DESKTOP-L6MSIP1" failures="0" tests="8" name="Runner_Files.Bills_positive_scenarios_runner" time="32.029" errors="0" timestamp="2021-06-10T12:28:03 IST" skipped="0">
  <testcase classname="Runner_Files.Bills_positive_scenarios_runner" name="runScenario" time="0.271"/>
  <system-out/>
  <testcase classname="Runner_Files.Bills_positive_scenarios_runner" name="runScenario" time="25.220"/>
  <system-out/>
  <testcase classname="Runner_Files.Bills_positive_scenarios_runner" name="runScenario" time="0.943"/>
  <system-out/>
  <testcase classname="Runner_Files.Bills_positive_scenarios_runner" name="runScenario" time="0.874"/>
  <system-out/>
  <testcase classname="Runner_Files.Bills_positive_scenarios_runner" name="runScenario" time="0.606"/>
  <system-out/>
  <testcase classname="Runner_Files.Bills_positive_scenarios_runner" name="runScenario" time="1.227"/>
  <system-out/>
  <testcase classname="Runner_Files.Bills_positive_scenarios_runner" name="runScenario" time="1.803"/>
  <system-out/>
  <testcase classname="Runner_Files.Bills_positive_scenarios_runner" name="runScenario" time="1.085"/>
  <system-out/>
</testsuite> <!-- Runner_Files.Bills_positive_scenarios_runner -->
