<?xml version="1.0" encoding="UTF-8"?>
<!-- Generated by org.testng.reporters.JUnitReportReporter -->
<testsuite hostname="DESKTOP-L6MSIP1" failures="0" tests="6" name="Runner_Files.Utilities_positive_scenarios_runner" time="61.642" errors="0" timestamp="2021-06-10T12:35:40 IST" skipped="0">
  <testcase classname="Runner_Files.Utilities_positive_scenarios_runner" name="runScenario" time="1.977"/>
  <system-out/>
  <testcase classname="Runner_Files.Utilities_positive_scenarios_runner" name="runScenario" time="2.585"/>
  <system-out/>
  <testcase classname="Runner_Files.Utilities_positive_scenarios_runner" name="runScenario" time="27.459"/>
  <system-out/>
  <testcase classname="Runner_Files.Utilities_positive_scenarios_runner" name="runScenario" time="9.917"/>
  <system-out/>
  <testcase classname="Runner_Files.Utilities_positive_scenarios_runner" name="runScenario" time="7.744"/>
  <system-out/>
  <testcase classname="Runner_Files.Utilities_positive_scenarios_runner" name="runScenario" time="11.960"/>
  <system-out/>
</testsuite> <!-- Runner_Files.Utilities_positive_scenarios_runner -->
